Microsoft HTML Help Compiler 4.74.8702

Compiling g:\userdocumentation\LibraryManagementSystemHelp.chm


Compile time: 0 minutes, 0 seconds
3	Topics
3	Local links
0	Internet links
0	Graphics


Created g:\userdocumentation\LibraryManagementSystemHelp.chm, 10,878 bytes
Compression increased file by 9,424 bytes.
Microsoft HTML Help Compiler 4.74.8702

Compiling g:\userdocumentation\LibraryManagementSystemHelp.chm


Compile time: 0 minutes, 0 seconds
2	Topics
2	Local links
0	Internet links
0	Graphics


Created g:\userdocumentation\LibraryManagementSystemHelp.chm, 10,882 bytes
Compression increased file by 9,598 bytes.
Microsoft HTML Help Compiler 4.74.8702

Compiling g:\userdocumentation\LibraryManagementSystemHelp.chm


Compile time: 0 minutes, 0 seconds
2	Topics
2	Local links
0	Internet links
0	Graphics


Created g:\userdocumentation\LibraryManagementSystemHelp.chm, 10,896 bytes
Compression increased file by 9,594 bytes.
HHC5010: Error: Cannot open "g:\userdocumentation\LibraryManagementSystemHelp.chm". Compilation stopped.
Microsoft HTML Help Compiler 4.74.8702

Compiling g:\userdocumentation\LibraryManagementSystemHelp.chm


Compile time: 0 minutes, 0 seconds
2	Topics
2	Local links
0	Internet links
0	Graphics


Created g:\userdocumentation\LibraryManagementSystemHelp.chm, 10,896 bytes
Compression increased file by 9,594 bytes.
Microsoft HTML Help Compiler 4.74.8702

Compiling g:\userdocumentation\LibraryManagementSystemHelp.chm


Compile time: 0 minutes, 0 seconds
2	Topics
2	Local links
0	Internet links
0	Graphics


Created g:\userdocumentation\LibraryManagementSystemHelp.chm, 10,898 bytes
Compression increased file by 9,596 bytes.
Microsoft HTML Help Compiler 4.74.8702

Compiling g:\userdocumentation\LibraryManagementSystemHelp.chm


Compile time: 0 minutes, 0 seconds
2	Topics
2	Local links
0	Internet links
0	Graphics


Created g:\userdocumentation\LibraryManagementSystemHelp.chm, 10,896 bytes
Compression increased file by 9,594 bytes.
Microsoft HTML Help Compiler 4.74.8702

Compiling g:\userdocumentation\LibraryManagementSystemHelp.chm


Compile time: 0 minutes, 0 seconds
3	Topics
3	Local links
0	Internet links
0	Graphics


Created g:\userdocumentation\LibraryManagementSystemHelp.chm, 11,112 bytes
Compression increased file by 9,065 bytes.
HHC5010: Error: Cannot open "g:\userdocumentation\LibraryManagementSystemHelp.chm". Compilation stopped.
