Microsoft HTML Help Compiler 4.74.8702

Compiling \\FS04D\Stu4\Home\Svalluri-cc\userdocumentation\LibraryManagementSystemHelp.chm


Compile time: 0 minutes, 0 seconds
10	Topics
5	Local links
0	Internet links
0	Graphics


Created \\FS04D\Stu4\Home\Svalluri-cc\userdocumentation\LibraryManagementSystemHelp.chm, 11,682 bytes
Compression increased file by 8,154 bytes.
Microsoft HTML Help Compiler 4.74.8702

Compiling \\FS04D\Stu4\Home\Svalluri-cc\userdocumentation\LibraryManagementSystemHelp.chm


Compile time: 0 minutes, 0 seconds
10	Topics
5	Local links
0	Internet links
0	Graphics


Created \\FS04D\Stu4\Home\Svalluri-cc\userdocumentation\LibraryManagementSystemHelp.chm, 11,710 bytes
Compression increased file by 7,979 bytes.
Microsoft HTML Help Compiler 4.74.8702

Compiling \\FS04D\Stu4\Home\Svalluri-cc\userdocumentation\LibraryManagementSystemHelp.chm


Compile time: 0 minutes, 0 seconds
10	Topics
5	Local links
0	Internet links
0	Graphics


Created \\FS04D\Stu4\Home\Svalluri-cc\userdocumentation\LibraryManagementSystemHelp.chm, 11,710 bytes
Compression increased file by 7,979 bytes.
